0:0:0:0:0:0:0:1 - - [08/Nov/2021:10:56:14 +0530] "GET /university/api/v1/course HTTP/1.1" 200 1022 "-" "PostmanRuntime/7.28.4"
0:0:0:0:0:0:0:1 - - [08/Nov/2021:10:56:39 +0530] "GET /university/api/v1/course/2 HTTP/1.1" 200 133 "-" "PostmanRuntime/7.28.4"
0:0:0:0:0:0:0:1 - - [08/Nov/2021:10:59:04 +0530] "GET /university/api/v1/schedule HTTP/1.1" 404 126 "-" "PostmanRuntime/7.28.4"
0:0:0:0:0:0:0:1 - - [08/Nov/2021:11:01:31 +0530] "GET /university/api/v1/schedule HTTP/1.1" 500 388 "-" "PostmanRuntime/7.28.4"
0:0:0:0:0:0:0:1 - - [08/Nov/2021:11:02:53 +0530] "GET /university/api/v1/schedule HTTP/1.1" 500 925 "-" "PostmanRuntime/7.28.4"
0:0:0:0:0:0:0:1 - - [08/Nov/2021:11:03:54 +0530] "GET /university/api/v1/schedule HTTP/1.1" 200 2378 "-" "PostmanRuntime/7.28.4"
0:0:0:0:0:0:0:1 - - [08/Nov/2021:11:18:48 +0530] "GET /university/api/v1/department HTTP/1.1" 200 275 "-" "PostmanRuntime/7.28.4"
0:0:0:0:0:0:0:1 - - [08/Nov/2021:11:19:22 +0530] "GET /university/api/v1/department HTTP/1.1" 200 55508 "-" "PostmanRuntime/7.28.4"
0:0:0:0:0:0:0:1 - - [08/Nov/2021:11:21:32 +0530] "GET /university/api/v1/department HTTP/1.1" 200 275 "-" "PostmanRuntime/7.28.4"
0:0:0:0:0:0:0:1 - - [08/Nov/2021:11:31:51 +0530] "GET /university/api/v1/department HTTP/1.1" 200 275 "-" "PostmanRuntime/7.28.4"
0:0:0:0:0:0:0:1 - - [08/Nov/2021:11:31:53 +0530] "GET /university/api/v1/department HTTP/1.1" 200 275 "-" "PostmanRuntime/7.28.4"
0:0:0:0:0:0:0:1 - - [08/Nov/2021:11:31:55 +0530] "GET /university/api/v1/department/33 HTTP/1.1" 200 48 "-" "PostmanRuntime/7.28.4"
0:0:0:0:0:0:0:1 - - [08/Nov/2021:11:32:05 +0530] "POST /university/api/v1/department HTTP/1.1" 500 522 "-" "PostmanRuntime/7.28.4"
0:0:0:0:0:0:0:1 - - [08/Nov/2021:11:32:19 +0530] "GET /university/api/v1/department HTTP/1.1" 200 275 "-" "PostmanRuntime/7.28.4"
0:0:0:0:0:0:0:1 - - [08/Nov/2021:11:34:51 +0530] "POST /university/api/v1/department HTTP/1.1" 500 522 "-" "PostmanRuntime/7.28.4"
0:0:0:0:0:0:0:1 - - [08/Nov/2021:11:35:58 +0530] "POST /university/api/v1/department HTTP/1.1" 500 522 "-" "PostmanRuntime/7.28.4"
0:0:0:0:0:0:0:1 - - [08/Nov/2021:11:46:36 +0530] "GET /university/api/v1/department HTTP/1.1" 200 275 "-" "PostmanRuntime/7.28.4"
0:0:0:0:0:0:0:1 - - [08/Nov/2021:11:46:40 +0530] "GET /university/api/v1/department HTTP/1.1" 200 275 "-" "PostmanRuntime/7.28.4"
0:0:0:0:0:0:0:1 - - [08/Nov/2021:11:46:43 +0530] "GET /university/api/v1/course HTTP/1.1" 200 532 "-" "PostmanRuntime/7.28.4"
0:0:0:0:0:0:0:1 - - [08/Nov/2021:11:46:49 +0530] "GET /university/api/v1/course/2 HTTP/1.1" 200 84 "-" "PostmanRuntime/7.28.4"
0:0:0:0:0:0:0:1 - - [08/Nov/2021:11:46:52 +0530] "GET /university/api/v1/department/33 HTTP/1.1" 200 48 "-" "PostmanRuntime/7.28.4"
0:0:0:0:0:0:0:1 - - [08/Nov/2021:11:46:55 +0530] "GET /university/api/v1/professor HTTP/1.1" 200 320 "-" "PostmanRuntime/7.28.4"
0:0:0:0:0:0:0:1 - - [08/Nov/2021:11:47:43 +0530] "GET /university/api/v1/course HTTP/1.1" 200 532 "-" "PostmanRuntime/7.28.4"
0:0:0:0:0:0:0:1 - - [08/Nov/2021:11:48:40 +0530] "GET /university/api/v1/course/2 HTTP/1.1" 200 84 "-" "PostmanRuntime/7.28.4"
0:0:0:0:0:0:0:1 - - [08/Nov/2021:11:48:55 +0530] "GET /university/api/v1/professor HTTP/1.1" 200 320 "-" "PostmanRuntime/7.28.4"
0:0:0:0:0:0:0:1 - - [08/Nov/2021:11:48:58 +0530] "GET /university/api/v1/professor/2 HTTP/1.1" 200 43 "-" "PostmanRuntime/7.28.4"
0:0:0:0:0:0:0:1 - - [08/Nov/2021:11:49:02 +0530] "GET /university/api/v1/schedule HTTP/1.1" 200 363 "-" "PostmanRuntime/7.28.4"
0:0:0:0:0:0:0:1 - - [08/Nov/2021:11:49:06 +0530] "GET /university/api/v1/schedule/2 HTTP/1.1" 500 540 "-" "PostmanRuntime/7.28.4"
0:0:0:0:0:0:0:1 - - [08/Nov/2021:11:49:16 +0530] "GET /university/api/v1/schedule HTTP/1.1" 200 363 "-" "PostmanRuntime/7.28.4"
0:0:0:0:0:0:0:1 - - [08/Nov/2021:12:15:05 +0530] "GET /university/api/v1/department HTTP/1.1" 200 275 "-" "PostmanRuntime/7.28.4"
0:0:0:0:0:0:0:1 - - [08/Nov/2021:12:15:06 +0530] "GET /university/api/v1/department HTTP/1.1" 200 275 "-" "PostmanRuntime/7.28.4"
0:0:0:0:0:0:0:1 - - [08/Nov/2021:12:15:08 +0530] "GET /university/api/v1/department/33 HTTP/1.1" 200 48 "-" "PostmanRuntime/7.28.4"
0:0:0:0:0:0:0:1 - - [08/Nov/2021:12:15:14 +0530] "POST /university/api/v1/department HTTP/1.1" 500 522 "-" "PostmanRuntime/7.28.4"
0:0:0:0:0:0:0:1 - - [08/Nov/2021:12:18:32 +0530] "GET /university/api/v1/department/33 HTTP/1.1" 200 48 "-" "PostmanRuntime/7.28.4"
0:0:0:0:0:0:0:1 - - [08/Nov/2021:12:18:38 +0530] "GET /university/api/v1/department HTTP/1.1" 200 275 "-" "PostmanRuntime/7.28.4"
0:0:0:0:0:0:0:1 - - [08/Nov/2021:12:18:45 +0530] "POST /university/api/v1/department HTTP/1.1" 201 - "-" "PostmanRuntime/7.28.4"
0:0:0:0:0:0:0:1 - - [08/Nov/2021:12:18:51 +0530] "GET /university/api/v1/department/33 HTTP/1.1" 200 44 "-" "PostmanRuntime/7.28.4"
0:0:0:0:0:0:0:1 - - [08/Nov/2021:12:18:56 +0530] "PUT /university/api/v1/department/33 HTTP/1.1" 200 48 "-" "PostmanRuntime/7.28.4"
0:0:0:0:0:0:0:1 - - [08/Nov/2021:12:19:00 +0530] "GET /university/api/v1/department/33 HTTP/1.1" 200 48 "-" "PostmanRuntime/7.28.4"
0:0:0:0:0:0:0:1 - - [08/Nov/2021:12:19:05 +0530] "DELETE /university/api/v1/department/33 HTTP/1.1" 200 - "-" "PostmanRuntime/7.28.4"
0:0:0:0:0:0:0:1 - - [08/Nov/2021:12:19:07 +0530] "GET /university/api/v1/department HTTP/1.1" 200 236 "-" "PostmanRuntime/7.28.4"
0:0:0:0:0:0:0:1 - - [08/Nov/2021:12:19:12 +0530] "POST /university/api/v1/department HTTP/1.1" 201 - "-" "PostmanRuntime/7.28.4"
0:0:0:0:0:0:0:1 - - [08/Nov/2021:12:19:15 +0530] "GET /university/api/v1/department/33 HTTP/1.1" 404 182 "-" "PostmanRuntime/7.28.4"
0:0:0:0:0:0:0:1 - - [08/Nov/2021:12:19:17 +0530] "GET /university/api/v1/department HTTP/1.1" 200 271 "-" "PostmanRuntime/7.28.4"
0:0:0:0:0:0:0:1 - - [08/Nov/2021:12:19:23 +0530] "GET /university/api/v1/course HTTP/1.1" 200 532 "-" "PostmanRuntime/7.28.4"
0:0:0:0:0:0:0:1 - - [08/Nov/2021:12:19:25 +0530] "GET /university/api/v1/course HTTP/1.1" 200 532 "-" "PostmanRuntime/7.28.4"
0:0:0:0:0:0:0:1 - - [08/Nov/2021:12:19:27 +0530] "GET /university/api/v1/course/2 HTTP/1.1" 200 84 "-" "PostmanRuntime/7.28.4"
0:0:0:0:0:0:0:1 - - [08/Nov/2021:12:19:51 +0530] "GET /university/api/v1/course HTTP/1.1" 200 98258 "-" "PostmanRuntime/7.28.4"
0:0:0:0:0:0:0:1 - - [08/Nov/2021:12:20:59 +0530] "GET /university/api/v1/course/2 HTTP/1.1" 200 101841 "-" "PostmanRuntime/7.28.4"
0:0:0:0:0:0:0:1 - - [08/Nov/2021:12:23:08 +0530] "GET /university/api/v1/course/2 HTTP/1.1" 200 99 "-" "PostmanRuntime/7.28.4"
0:0:0:0:0:0:0:1 - - [08/Nov/2021:12:23:15 +0530] "GET /university/api/v1/department HTTP/1.1" 200 271 "-" "PostmanRuntime/7.28.4"
0:0:0:0:0:0:0:1 - - [08/Nov/2021:12:23:16 +0530] "GET /university/api/v1/department/33 HTTP/1.1" 404 182 "-" "PostmanRuntime/7.28.4"
0:0:0:0:0:0:0:1 - - [08/Nov/2021:12:24:41 +0530] "GET /university/api/v1/department HTTP/1.1" 200 271 "-" "PostmanRuntime/7.28.4"
0:0:0:0:0:0:0:1 - - [08/Nov/2021:12:24:44 +0530] "GET /university/api/v1/department/33 HTTP/1.1" 404 182 "-" "PostmanRuntime/7.28.4"
0:0:0:0:0:0:0:1 - - [08/Nov/2021:12:24:47 +0530] "GET /university/api/v1/department/34 HTTP/1.1" 200 44 "-" "PostmanRuntime/7.28.4"
0:0:0:0:0:0:0:1 - - [08/Nov/2021:12:24:58 +0530] "POST /university/api/v1/department HTTP/1.1" 201 - "-" "PostmanRuntime/7.28.4"
0:0:0:0:0:0:0:1 - - [08/Nov/2021:12:25:02 +0530] "GET /university/api/v1/department HTTP/1.1" 200 309 "-" "PostmanRuntime/7.28.4"
0:0:0:0:0:0:0:1 - - [08/Nov/2021:12:25:07 +0530] "PUT /university/api/v1/department/33 HTTP/1.1" 404 182 "-" "PostmanRuntime/7.28.4"
0:0:0:0:0:0:0:1 - - [08/Nov/2021:12:25:12 +0530] "GET /university/api/v1/department HTTP/1.1" 200 309 "-" "PostmanRuntime/7.28.4"
0:0:0:0:0:0:0:1 - - [08/Nov/2021:12:25:17 +0530] "PUT /university/api/v1/department/34 HTTP/1.1" 200 48 "-" "PostmanRuntime/7.28.4"
0:0:0:0:0:0:0:1 - - [08/Nov/2021:12:25:19 +0530] "GET /university/api/v1/department HTTP/1.1" 200 313 "-" "PostmanRuntime/7.28.4"
0:0:0:0:0:0:0:1 - - [08/Nov/2021:12:25:25 +0530] "DELETE /university/api/v1/department/34 HTTP/1.1" 200 - "-" "PostmanRuntime/7.28.4"
0:0:0:0:0:0:0:1 - - [08/Nov/2021:12:25:27 +0530] "DELETE /university/api/v1/department/34 HTTP/1.1" 200 - "-" "PostmanRuntime/7.28.4"
0:0:0:0:0:0:0:1 - - [08/Nov/2021:12:25:28 +0530] "DELETE /university/api/v1/department/34 HTTP/1.1" 200 - "-" "PostmanRuntime/7.28.4"
0:0:0:0:0:0:0:1 - - [08/Nov/2021:12:25:31 +0530] "DELETE /university/api/v1/department/35 HTTP/1.1" 200 - "-" "PostmanRuntime/7.28.4"
0:0:0:0:0:0:0:1 - - [08/Nov/2021:12:25:34 +0530] "GET /university/api/v1/department HTTP/1.1" 200 236 "-" "PostmanRuntime/7.28.4"
0:0:0:0:0:0:0:1 - - [08/Nov/2021:12:25:38 +0530] "GET /university/api/v1/course HTTP/1.1" 200 682 "-" "PostmanRuntime/7.28.4"
0:0:0:0:0:0:0:1 - - [08/Nov/2021:12:25:42 +0530] "GET /university/api/v1/course/2 HTTP/1.1" 200 99 "-" "PostmanRuntime/7.28.4"
0:0:0:0:0:0:0:1 - - [08/Nov/2021:12:25:55 +0530] "POST /university/api/v1/course HTTP/1.1" 415 - "-" "PostmanRuntime/7.28.4"
0:0:0:0:0:0:0:1 - - [08/Nov/2021:12:25:58 +0530] "GET /university/api/v1/course HTTP/1.1" 200 682 "-" "PostmanRuntime/7.28.4"
0:0:0:0:0:0:0:1 - - [08/Nov/2021:12:26:05 +0530] "GET /university/api/v1/course HTTP/1.1" 200 682 "-" "PostmanRuntime/7.28.4"
0:0:0:0:0:0:0:1 - - [08/Nov/2021:12:26:21 +0530] "GET /university/api/v1/course/2 HTTP/1.1" 200 99 "-" "PostmanRuntime/7.28.4"
0:0:0:0:0:0:0:1 - - [08/Nov/2021:12:32:09 +0530] "GET /university/api/v1/course HTTP/1.1" 200 702 "-" "PostmanRuntime/7.28.4"
0:0:0:0:0:0:0:1 - - [08/Nov/2021:12:32:11 +0530] "GET /university/api/v1/course HTTP/1.1" 200 702 "-" "PostmanRuntime/7.28.4"
0:0:0:0:0:0:0:1 - - [08/Nov/2021:12:32:17 +0530] "GET /university/api/v1/course/2 HTTP/1.1" 200 101 "-" "PostmanRuntime/7.28.4"
0:0:0:0:0:0:0:1 - - [08/Nov/2021:12:32:30 +0530] "POST /university/api/v1/course HTTP/1.1" 500 285 "-" "PostmanRuntime/7.28.4"
0:0:0:0:0:0:0:1 - - [08/Nov/2021:12:35:25 +0530] "POST /university/api/v1/course HTTP/1.1" 500 285 "-" "PostmanRuntime/7.28.4"
0:0:0:0:0:0:0:1 - - [08/Nov/2021:12:35:47 +0530] "GET /university/api/v1/schedule HTTP/1.1" 200 575 "-" "PostmanRuntime/7.28.4"
0:0:0:0:0:0:0:1 - - [08/Nov/2021:12:36:42 +0530] "GET /university/api/v1/schedule HTTP/1.1" 200 575 "-" "PostmanRuntime/7.28.4"
0:0:0:0:0:0:0:1 - - [08/Nov/2021:12:37:05 +0530] "POST /university/api/v1/course HTTP/1.1" 500 285 "-" "PostmanRuntime/7.28.4"
0:0:0:0:0:0:0:1 - - [08/Nov/2021:12:37:24 +0530] "POST /university/api/v1/course HTTP/1.1" 500 315 "-" "PostmanRuntime/7.28.4"
0:0:0:0:0:0:0:1 - - [08/Nov/2021:12:37:46 +0530] "POST /university/api/v1/department HTTP/1.1" 500 537 "-" "PostmanRuntime/7.28.4"
0:0:0:0:0:0:0:1 - - [08/Nov/2021:12:38:54 +0530] "POST /university/api/v1/department HTTP/1.1" 500 537 "-" "PostmanRuntime/7.28.4"
0:0:0:0:0:0:0:1 - - [08/Nov/2021:12:42:50 +0530] "POST /university/api/v1/department HTTP/1.1" 500 537 "-" "PostmanRuntime/7.28.4"
0:0:0:0:0:0:0:1 - - [08/Nov/2021:12:43:08 +0530] "POST /university/api/v1/department HTTP/1.1" 404 525 "-" "PostmanRuntime/7.28.4"
0:0:0:0:0:0:0:1 - - [08/Nov/2021:12:46:50 +0530] "POST /university/api/v1/department HTTP/1.1" 400 195 "-" "PostmanRuntime/7.28.4"
0:0:0:0:0:0:0:1 - - [08/Nov/2021:12:47:03 +0530] "POST /university/api/v1/department HTTP/1.1" 201 - "-" "PostmanRuntime/7.28.4"
0:0:0:0:0:0:0:1 - - [08/Nov/2021:12:47:06 +0530] "POST /university/api/v1/course HTTP/1.1" 500 315 "-" "PostmanRuntime/7.28.4"
0:0:0:0:0:0:0:1 - - [08/Nov/2021:12:49:48 +0530] "POST /university/api/v1/course HTTP/1.1" 400 196 "-" "PostmanRuntime/7.28.4"
0:0:0:0:0:0:0:1 - - [08/Nov/2021:12:52:31 +0530] "POST /university/api/v1/course HTTP/1.1" 400 205 "-" "PostmanRuntime/7.28.4"
0:0:0:0:0:0:0:1 - - [08/Nov/2021:12:52:42 +0530] "POST /university/api/v1/course HTTP/1.1" 500 325 "-" "PostmanRuntime/7.28.4"
0:0:0:0:0:0:0:1 - - [08/Nov/2021:12:53:08 +0530] "POST /university/api/v1/course HTTP/1.1" 500 325 "-" "PostmanRuntime/7.28.4"
0:0:0:0:0:0:0:1 - - [08/Nov/2021:12:53:33 +0530] "POST /university/api/v1/course HTTP/1.1" 500 325 "-" "PostmanRuntime/7.28.4"
0:0:0:0:0:0:0:1 - - [08/Nov/2021:12:53:48 +0530] "GET /university/api/v1/course/2 HTTP/1.1" 200 101 "-" "PostmanRuntime/7.28.4"
0:0:0:0:0:0:0:1 - - [08/Nov/2021:12:53:55 +0530] "POST /university/api/v1/course HTTP/1.1" 500 325 "-" "PostmanRuntime/7.28.4"
0:0:0:0:0:0:0:1 - - [08/Nov/2021:12:56:56 +0530] "POST /university/api/v1/course HTTP/1.1" 500 325 "-" "PostmanRuntime/7.28.4"
0:0:0:0:0:0:0:1 - - [08/Nov/2021:12:56:56 +0530] "POST /university/api/v1/course HTTP/1.1" 500 325 "-" "PostmanRuntime/7.28.4"
0:0:0:0:0:0:0:1 - - [08/Nov/2021:12:56:57 +0530] "POST /university/api/v1/course HTTP/1.1" 500 325 "-" "PostmanRuntime/7.28.4"
0:0:0:0:0:0:0:1 - - [08/Nov/2021:12:56:57 +0530] "POST /university/api/v1/course HTTP/1.1" 500 325 "-" "PostmanRuntime/7.28.4"
0:0:0:0:0:0:0:1 - - [08/Nov/2021:12:56:58 +0530] "POST /university/api/v1/course HTTP/1.1" 500 325 "-" "PostmanRuntime/7.28.4"
0:0:0:0:0:0:0:1 - - [08/Nov/2021:12:56:59 +0530] "POST /university/api/v1/course HTTP/1.1" 500 325 "-" "PostmanRuntime/7.28.4"
0:0:0:0:0:0:0:1 - - [08/Nov/2021:12:57:00 +0530] "POST /university/api/v1/course HTTP/1.1" 201 - "-" "PostmanRuntime/7.28.4"
0:0:0:0:0:0:0:1 - - [08/Nov/2021:12:57:36 +0530] "GET /university/api/v1/course HTTP/1.1" 200 798 "-" "PostmanRuntime/7.28.4"
0:0:0:0:0:0:0:1 - - [08/Nov/2021:12:57:52 +0530] "PUT /university/api/v1/course/11 HTTP/1.1" 200 110 "-" "PostmanRuntime/7.28.4"
0:0:0:0:0:0:0:1 - - [08/Nov/2021:12:58:05 +0530] "DELETE /university/api/v1/course/11 HTTP/1.1" 200 - "-" "PostmanRuntime/7.28.4"
0:0:0:0:0:0:0:1 - - [08/Nov/2021:12:58:28 +0530] "GET /university/api/v1/professor HTTP/1.1" 200 490 "-" "PostmanRuntime/7.28.4"
0:0:0:0:0:0:0:1 - - [08/Nov/2021:12:58:35 +0530] "GET /university/api/v1/professor/2 HTTP/1.1" 200 60 "-" "PostmanRuntime/7.28.4"
0:0:0:0:0:0:0:1 - - [08/Nov/2021:12:58:45 +0530] "POST /university/api/v1/department HTTP/1.1" 201 - "-" "PostmanRuntime/7.28.4"
0:0:0:0:0:0:0:1 - - [08/Nov/2021:12:59:40 +0530] "GET /university/api/v1/professor/2 HTTP/1.1" 200 60 "-" "PostmanRuntime/7.28.4"
0:0:0:0:0:0:0:1 - - [08/Nov/2021:12:59:49 +0530] "POST /university/api/v1/professor HTTP/1.1" 201 - "-" "PostmanRuntime/7.28.4"
0:0:0:0:0:0:0:1 - - [08/Nov/2021:13:00:05 +0530] "POST /university/api/v1/professor HTTP/1.1" 500 332 "-" "PostmanRuntime/7.28.4"
0:0:0:0:0:0:0:1 - - [08/Nov/2021:13:00:38 +0530] "DELETE /university/api/v1/professor/1 HTTP/1.1" 200 - "-" "PostmanRuntime/7.28.4"
0:0:0:0:0:0:0:1 - - [08/Nov/2021:13:00:42 +0530] "GET /university/api/v1/professor HTTP/1.1" 200 450 "-" "PostmanRuntime/7.28.4"
0:0:0:0:0:0:0:1 - - [08/Nov/2021:13:00:47 +0530] "GET /university/api/v1/schedule HTTP/1.1" 200 575 "-" "PostmanRuntime/7.28.4"
0:0:0:0:0:0:0:1 - - [08/Nov/2021:13:01:00 +0530] "DELETE /university/api/v1/professor/5 HTTP/1.1" 500 333 "-" "PostmanRuntime/7.28.4"
0:0:0:0:0:0:0:1 - - [08/Nov/2021:13:01:47 +0530] "DELETE /university/api/v1/department/2 HTTP/1.1" 500 335 "-" "PostmanRuntime/7.28.4"
0:0:0:0:0:0:0:1 - - [08/Nov/2021:13:23:30 +0530] "GET /university/api/v1/department HTTP/1.1" 200 276 "-" "PostmanRuntime/7.28.4"
0:0:0:0:0:0:0:1 - - [08/Nov/2021:13:23:47 +0530] "GET /university/api/v1/department/36 HTTP/1.1" 200 48 "-" "PostmanRuntime/7.28.4"
0:0:0:0:0:0:0:1 - - [08/Nov/2021:13:23:57 +0530] "POST /university/api/v1/department HTTP/1.1" 500 516 "-" "PostmanRuntime/7.28.4"
0:0:0:0:0:0:0:1 - - [08/Nov/2021:13:26:02 +0530] "GET /university/api/v1/department HTTP/1.1" 200 276 "-" "PostmanRuntime/7.28.4"
0:0:0:0:0:0:0:1 - - [08/Nov/2021:13:26:05 +0530] "GET /university/api/v1/department/36 HTTP/1.1" 200 48 "-" "PostmanRuntime/7.28.4"
0:0:0:0:0:0:0:1 - - [08/Nov/2021:13:26:08 +0530] "POST /university/api/v1/department HTTP/1.1" 500 516 "-" "PostmanRuntime/7.28.4"
0:0:0:0:0:0:0:1 - - [08/Nov/2021:13:40:39 +0530] "GET /university/api/v1/department HTTP/1.1" 200 276 "-" "PostmanRuntime/7.28.4"
0:0:0:0:0:0:0:1 - - [08/Nov/2021:13:40:44 +0530] "GET /university/api/v1/department/36 HTTP/1.1" 200 48 "-" "PostmanRuntime/7.28.4"
0:0:0:0:0:0:0:1 - - [08/Nov/2021:13:40:53 +0530] "POST /university/api/v1/department HTTP/1.1" 201 - "-" "PostmanRuntime/7.28.4"
0:0:0:0:0:0:0:1 - - [08/Nov/2021:13:40:56 +0530] "GET /university/api/v1/department HTTP/1.1" 200 272 "-" "PostmanRuntime/7.28.4"
0:0:0:0:0:0:0:1 - - [08/Nov/2021:13:41:07 +0530] "PUT /university/api/v1/department/36 HTTP/1.1" 200 48 "-" "PostmanRuntime/7.28.4"
0:0:0:0:0:0:0:1 - - [08/Nov/2021:13:41:12 +0530] "DELETE /university/api/v1/department/2 HTTP/1.1" 500 331 "-" "PostmanRuntime/7.28.4"
0:0:0:0:0:0:0:1 - - [08/Nov/2021:13:43:11 +0530] "DELETE /university/api/v1/department/2 HTTP/1.1" 500 331 "-" "PostmanRuntime/7.28.4"
0:0:0:0:0:0:0:1 - - [08/Nov/2021:13:43:12 +0530] "DELETE /university/api/v1/department/2 HTTP/1.1" 500 331 "-" "PostmanRuntime/7.28.4"
0:0:0:0:0:0:0:1 - - [08/Nov/2021:13:43:13 +0530] "DELETE /university/api/v1/department/2 HTTP/1.1" 500 331 "-" "PostmanRuntime/7.28.4"
0:0:0:0:0:0:0:1 - - [08/Nov/2021:13:43:13 +0530] "DELETE /university/api/v1/department/2 HTTP/1.1" 500 331 "-" "PostmanRuntime/7.28.4"
0:0:0:0:0:0:0:1 - - [08/Nov/2021:13:43:14 +0530] "DELETE /university/api/v1/department/2 HTTP/1.1" 500 331 "-" "PostmanRuntime/7.28.4"
0:0:0:0:0:0:0:1 - - [08/Nov/2021:13:43:50 +0530] "DELETE /university/api/v1/department/2 HTTP/1.1" 500 331 "-" "PostmanRuntime/7.28.4"
0:0:0:0:0:0:0:1 - - [08/Nov/2021:13:43:52 +0530] "DELETE /university/api/v1/department/2 HTTP/1.1" 500 331 "-" "PostmanRuntime/7.28.4"
0:0:0:0:0:0:0:1 - - [08/Nov/2021:13:43:53 +0530] "DELETE /university/api/v1/department/2 HTTP/1.1" 500 331 "-" "PostmanRuntime/7.28.4"
0:0:0:0:0:0:0:1 - - [08/Nov/2021:13:51:07 +0530] "DELETE /university/api/v1/department/2 HTTP/1.1" 500 331 "-" "PostmanRuntime/7.28.4"
0:0:0:0:0:0:0:1 - - [08/Nov/2021:14:35:18 +0530] "DELETE /university/api/v1/department/2 HTTP/1.1" 500 352 "-" "PostmanRuntime/7.28.4"
0:0:0:0:0:0:0:1 - - [08/Nov/2021:14:36:34 +0530] "DELETE /university/api/v1/department/2 HTTP/1.1" 500 352 "-" "PostmanRuntime/7.28.4"
0:0:0:0:0:0:0:1 - - [08/Nov/2021:14:36:36 +0530] "DELETE /university/api/v1/department/2 HTTP/1.1" 500 352 "-" "PostmanRuntime/7.28.4"
0:0:0:0:0:0:0:1 - - [08/Nov/2021:14:36:37 +0530] "DELETE /university/api/v1/department/2 HTTP/1.1" 500 352 "-" "PostmanRuntime/7.28.4"
0:0:0:0:0:0:0:1 - - [08/Nov/2021:14:36:38 +0530] "DELETE /university/api/v1/department/2 HTTP/1.1" 500 352 "-" "PostmanRuntime/7.28.4"
0:0:0:0:0:0:0:1 - - [08/Nov/2021:14:36:58 +0530] "DELETE /university/api/v1/department/2 HTTP/1.1" 500 352 "-" "PostmanRuntime/7.28.4"
0:0:0:0:0:0:0:1 - - [08/Nov/2021:14:40:36 +0530] "DELETE /university/api/v1/department/2 HTTP/1.1" 500 352 "-" "PostmanRuntime/7.28.4"
0:0:0:0:0:0:0:1 - - [08/Nov/2021:14:40:37 +0530] "DELETE /university/api/v1/department/2 HTTP/1.1" 500 352 "-" "PostmanRuntime/7.28.4"
0:0:0:0:0:0:0:1 - - [08/Nov/2021:14:41:50 +0530] "GET /university/api/v1/department HTTP/1.1" 200 276 "-" "PostmanRuntime/7.28.4"
0:0:0:0:0:0:0:1 - - [08/Nov/2021:14:41:53 +0530] "GET /university/api/v1/department/36 HTTP/1.1" 200 48 "-" "PostmanRuntime/7.28.4"
0:0:0:0:0:0:0:1 - - [08/Nov/2021:14:42:01 +0530] "POST /university/api/v1/department HTTP/1.1" 500 522 "-" "PostmanRuntime/7.28.4"
0:0:0:0:0:0:0:1 - - [08/Nov/2021:14:43:52 +0530] "POST /university/api/v1/department HTTP/1.1" 201 - "-" "PostmanRuntime/7.28.4"
0:0:0:0:0:0:0:1 - - [08/Nov/2021:14:43:58 +0530] "GET /university/api/v1/professor HTTP/1.1" 200 450 "-" "PostmanRuntime/7.28.4"
0:0:0:0:0:0:0:1 - - [08/Nov/2021:14:44:01 +0530] "GET /university/api/v1/schedule HTTP/1.1" 200 575 "-" "PostmanRuntime/7.28.4"
0:0:0:0:0:0:0:1 - - [08/Nov/2021:14:44:08 +0530] "DELETE /university/api/v1/department/2 HTTP/1.1" 500 352 "-" "PostmanRuntime/7.28.4"
0:0:0:0:0:0:0:1 - - [08/Nov/2021:14:45:23 +0530] "DELETE /university/api/v1/department/2 HTTP/1.1" 500 352 "-" "PostmanRuntime/7.28.4"
0:0:0:0:0:0:0:1 - - [08/Nov/2021:14:45:24 +0530] "DELETE /university/api/v1/department/2 HTTP/1.1" 500 352 "-" "PostmanRuntime/7.28.4"
0:0:0:0:0:0:0:1 - - [08/Nov/2021:14:45:25 +0530] "DELETE /university/api/v1/department/2 HTTP/1.1" 500 352 "-" "PostmanRuntime/7.28.4"
0:0:0:0:0:0:0:1 - - [08/Nov/2021:14:46:47 +0530] "GET /university/api/v1/department HTTP/1.1" 200 276 "-" "PostmanRuntime/7.28.4"
0:0:0:0:0:0:0:1 - - [08/Nov/2021:14:46:48 +0530] "GET /university/api/v1/department HTTP/1.1" 200 276 "-" "PostmanRuntime/7.28.4"
0:0:0:0:0:0:0:1 - - [08/Nov/2021:14:46:51 +0530] "GET /university/api/v1/department/36 HTTP/1.1" 200 48 "-" "PostmanRuntime/7.28.4"
0:0:0:0:0:0:0:1 - - [08/Nov/2021:14:47:01 +0530] "POST /university/api/v1/department HTTP/1.1" 201 - "-" "PostmanRuntime/7.28.4"
0:0:0:0:0:0:0:1 - - [08/Nov/2021:14:47:05 +0530] "PUT /university/api/v1/department/36 HTTP/1.1" 200 48 "-" "PostmanRuntime/7.28.4"
0:0:0:0:0:0:0:1 - - [08/Nov/2021:14:47:09 +0530] "DELETE /university/api/v1/department/2 HTTP/1.1" 500 352 "-" "PostmanRuntime/7.28.4"
0:0:0:0:0:0:0:1 - - [08/Nov/2021:14:47:16 +0530] "GET /university/api/v1/course HTTP/1.1" 200 702 "-" "PostmanRuntime/7.28.4"
0:0:0:0:0:0:0:1 - - [08/Nov/2021:14:47:20 +0530] "GET /university/api/v1/course/2 HTTP/1.1" 200 101 "-" "PostmanRuntime/7.28.4"
0:0:0:0:0:0:0:1 - - [08/Nov/2021:14:47:24 +0530] "POST /university/api/v1/course HTTP/1.1" 500 285 "-" "PostmanRuntime/7.28.4"
0:0:0:0:0:0:0:1 - - [08/Nov/2021:14:47:36 +0530] "POST /university/api/v1/course HTTP/1.1" 500 365 "-" "PostmanRuntime/7.28.4"
0:0:0:0:0:0:0:1 - - [08/Nov/2021:14:47:41 +0530] "POST /university/api/v1/course HTTP/1.1" 500 365 "-" "PostmanRuntime/7.28.4"
0:0:0:0:0:0:0:1 - - [08/Nov/2021:14:47:48 +0530] "GET /university/api/v1/department HTTP/1.1" 200 276 "-" "PostmanRuntime/7.28.4"
0:0:0:0:0:0:0:1 - - [08/Nov/2021:14:47:53 +0530] "GET /university/api/v1/course HTTP/1.1" 200 702 "-" "PostmanRuntime/7.28.4"
0:0:0:0:0:0:0:1 - - [08/Nov/2021:14:47:55 +0530] "GET /university/api/v1/course/2 HTTP/1.1" 200 101 "-" "PostmanRuntime/7.28.4"
0:0:0:0:0:0:0:1 - - [08/Nov/2021:14:51:43 +0530] "POST /university/api/v1/course HTTP/1.1" 500 365 "-" "PostmanRuntime/7.28.4"
0:0:0:0:0:0:0:1 - - [08/Nov/2021:14:55:58 +0530] "GET /university/api/v1/department HTTP/1.1" 200 276 "-" "PostmanRuntime/7.28.4"
0:0:0:0:0:0:0:1 - - [08/Nov/2021:14:56:03 +0530] "GET /university/api/v1/department/36 HTTP/1.1" 200 48 "-" "PostmanRuntime/7.28.4"
0:0:0:0:0:0:0:1 - - [08/Nov/2021:14:56:10 +0530] "POST /university/api/v1/department HTTP/1.1" 201 - "-" "PostmanRuntime/7.28.4"
0:0:0:0:0:0:0:1 - - [08/Nov/2021:14:56:14 +0530] "GET /university/api/v1/department/36 HTTP/1.1" 200 44 "-" "PostmanRuntime/7.28.4"
0:0:0:0:0:0:0:1 - - [08/Nov/2021:14:56:18 +0530] "PUT /university/api/v1/department/36 HTTP/1.1" 200 48 "-" "PostmanRuntime/7.28.4"
0:0:0:0:0:0:0:1 - - [08/Nov/2021:14:56:25 +0530] "DELETE /university/api/v1/department/36 HTTP/1.1" 200 - "-" "PostmanRuntime/7.28.4"
0:0:0:0:0:0:0:1 - - [08/Nov/2021:14:56:28 +0530] "GET /university/api/v1/department HTTP/1.1" 200 237 "-" "PostmanRuntime/7.28.4"
0:0:0:0:0:0:0:1 - - [08/Nov/2021:14:56:34 +0530] "DELETE /university/api/v1/department/2 HTTP/1.1" 500 352 "-" "PostmanRuntime/7.28.4"
0:0:0:0:0:0:0:1 - - [08/Nov/2021:14:56:46 +0530] "GET /university/api/v1/course HTTP/1.1" 200 702 "-" "PostmanRuntime/7.28.4"
0:0:0:0:0:0:0:1 - - [08/Nov/2021:14:56:53 +0530] "GET /university/api/v1/department/36 HTTP/1.1" 404 182 "-" "PostmanRuntime/7.28.4"
0:0:0:0:0:0:0:1 - - [08/Nov/2021:14:57:05 +0530] "GET /university/api/v1/course/2 HTTP/1.1" 200 101 "-" "PostmanRuntime/7.28.4"
0:0:0:0:0:0:0:1 - - [08/Nov/2021:14:57:14 +0530] "POST /university/api/v1/department HTTP/1.1" 201 - "-" "PostmanRuntime/7.28.4"
0:0:0:0:0:0:0:1 - - [08/Nov/2021:14:57:18 +0530] "GET /university/api/v1/department/2 HTTP/1.1" 200 76 "-" "PostmanRuntime/7.28.4"
0:0:0:0:0:0:0:1 - - [08/Nov/2021:14:57:26 +0530] "PUT /university/api/v1/department/2 HTTP/1.1" 200 72 "-" "PostmanRuntime/7.28.4"
0:0:0:0:0:0:0:1 - - [08/Nov/2021:14:57:54 +0530] "POST /university/api/v1/course HTTP/1.1" 201 - "-" "PostmanRuntime/7.28.4"
0:0:0:0:0:0:0:1 - - [08/Nov/2021:14:57:59 +0530] "GET /university/api/v1/course/2 HTTP/1.1" 200 101 "-" "PostmanRuntime/7.28.4"
0:0:0:0:0:0:0:1 - - [08/Nov/2021:14:58:09 +0530] "PUT /university/api/v1/course/11 HTTP/1.1" 404 174 "-" "PostmanRuntime/7.28.4"
0:0:0:0:0:0:0:1 - - [08/Nov/2021:14:58:15 +0530] "PUT /university/api/v1/course/2 HTTP/1.1" 200 105 "-" "PostmanRuntime/7.28.4"
0:0:0:0:0:0:0:1 - - [08/Nov/2021:14:58:18 +0530] "GET /university/api/v1/course/2 HTTP/1.1" 200 105 "-" "PostmanRuntime/7.28.4"
0:0:0:0:0:0:0:1 - - [08/Nov/2021:14:58:23 +0530] "DELETE /university/api/v1/course/2 HTTP/1.1" 200 - "-" "PostmanRuntime/7.28.4"
0:0:0:0:0:0:0:1 - - [08/Nov/2021:14:58:25 +0530] "GET /university/api/v1/course HTTP/1.1" 200 707 "-" "PostmanRuntime/7.28.4"
0:0:0:0:0:0:0:1 - - [08/Nov/2021:14:58:33 +0530] "GET /university/api/v1/professor HTTP/1.1" 200 450 "-" "PostmanRuntime/7.28.4"
0:0:0:0:0:0:0:1 - - [08/Nov/2021:14:58:40 +0530] "GET /university/api/v1/course HTTP/1.1" 200 707 "-" "PostmanRuntime/7.28.4"
0:0:0:0:0:0:0:1 - - [08/Nov/2021:14:58:44 +0530] "GET /university/api/v1/schedule HTTP/1.1" 200 575 "-" "PostmanRuntime/7.28.4"
0:0:0:0:0:0:0:1 - - [08/Nov/2021:14:58:52 +0530] "DELETE /university/api/v1/course/3 HTTP/1.1" 500 348 "-" "PostmanRuntime/7.28.4"
0:0:0:0:0:0:0:1 - - [08/Nov/2021:15:05:08 +0530] "GET /university/api/v1/department HTTP/1.1" 200 262 "-" "PostmanRuntime/7.28.4"
0:0:0:0:0:0:0:1 - - [08/Nov/2021:15:05:13 +0530] "GET /university/api/v1/department/2 HTTP/1.1" 200 72 "-" "PostmanRuntime/7.28.4"
0:0:0:0:0:0:0:1 - - [08/Nov/2021:15:05:23 +0530] "POST /university/api/v1/department HTTP/1.1" 201 - "-" "PostmanRuntime/7.28.4"
0:0:0:0:0:0:0:1 - - [08/Nov/2021:15:05:28 +0530] "GET /university/api/v1/department/2 HTTP/1.1" 200 72 "-" "PostmanRuntime/7.28.4"
0:0:0:0:0:0:0:1 - - [08/Nov/2021:15:05:30 +0530] "GET /university/api/v1/department HTTP/1.1" 200 326 "-" "PostmanRuntime/7.28.4"
0:0:0:0:0:0:0:1 - - [08/Nov/2021:15:05:37 +0530] "GET /university/api/v1/department/37 HTTP/1.1" 200 73 "-" "PostmanRuntime/7.28.4"
0:0:0:0:0:0:0:1 - - [08/Nov/2021:15:05:48 +0530] "PUT /university/api/v1/department/37 HTTP/1.1" 200 77 "-" "PostmanRuntime/7.28.4"
0:0:0:0:0:0:0:1 - - [08/Nov/2021:15:05:51 +0530] "GET /university/api/v1/department HTTP/1.1" 200 330 "-" "PostmanRuntime/7.28.4"
0:0:0:0:0:0:0:1 - - [08/Nov/2021:15:05:54 +0530] "DELETE /university/api/v1/department/2 HTTP/1.1" 500 352 "-" "PostmanRuntime/7.28.4"
0:0:0:0:0:0:0:1 - - [08/Nov/2021:15:07:12 +0530] "DELETE /university/api/v1/department/2 HTTP/1.1" 500 352 "-" "PostmanRuntime/7.28.4"
0:0:0:0:0:0:0:1 - - [08/Nov/2021:15:09:16 +0530] "DELETE /university/api/v1/department/2 HTTP/1.1" 500 331 "-" "PostmanRuntime/7.28.4"
0:0:0:0:0:0:0:1 - - [08/Nov/2021:15:29:30 +0530] "GET /university/api/v1/department HTTP/1.1" 200 330 "-" "PostmanRuntime/7.28.4"
0:0:0:0:0:0:0:1 - - [08/Nov/2021:15:29:31 +0530] "GET /university/api/v1/department HTTP/1.1" 200 330 "-" "PostmanRuntime/7.28.4"
0:0:0:0:0:0:0:1 - - [08/Nov/2021:15:29:36 +0530] "GET /university/api/v1/department/37 HTTP/1.1" 200 77 "-" "PostmanRuntime/7.28.4"
0:0:0:0:0:0:0:1 - - [08/Nov/2021:15:29:39 +0530] "POST /university/api/v1/department HTTP/1.1" 201 - "-" "PostmanRuntime/7.28.4"
0:0:0:0:0:0:0:1 - - [08/Nov/2021:15:29:42 +0530] "PUT /university/api/v1/department/37 HTTP/1.1" 200 77 "-" "PostmanRuntime/7.28.4"
0:0:0:0:0:0:0:1 - - [08/Nov/2021:15:29:45 +0530] "DELETE /university/api/v1/department/2 HTTP/1.1" 200 - "-" "PostmanRuntime/7.28.4"
0:0:0:0:0:0:0:1 - - [08/Nov/2021:15:29:54 +0530] "GET /university/api/v1/course HTTP/1.1" 200 568 "-" "PostmanRuntime/7.28.4"
0:0:0:0:0:0:0:1 - - [08/Nov/2021:15:30:05 +0530] "GET /university/api/v1/course HTTP/1.1" 200 568 "-" "PostmanRuntime/7.28.4"
0:0:0:0:0:0:0:1 - - [08/Nov/2021:15:30:19 +0530] "DELETE /university/api/v1/course/4 HTTP/1.1" 200 - "-" "PostmanRuntime/7.28.4"
0:0:0:0:0:0:0:1 - - [08/Nov/2021:15:30:22 +0530] "GET /university/api/v1/course HTTP/1.1" 200 511 "-" "PostmanRuntime/7.28.4"
0:0:0:0:0:0:0:1 - - [08/Nov/2021:15:30:28 +0530] "GET /university/api/v1/professor HTTP/1.1" 200 348 "-" "PostmanRuntime/7.28.4"
0:0:0:0:0:0:0:1 - - [08/Nov/2021:15:30:31 +0530] "GET /university/api/v1/professor/2 HTTP/1.1" 404 178 "-" "PostmanRuntime/7.28.4"
0:0:0:0:0:0:0:1 - - [08/Nov/2021:15:30:35 +0530] "POST /university/api/v1/professor HTTP/1.1" 500 332 "-" "PostmanRuntime/7.28.4"
0:0:0:0:0:0:0:1 - - [08/Nov/2021:15:30:47 +0530] "GET /university/api/v1/department HTTP/1.1" 200 331 "-" "PostmanRuntime/7.28.4"
0:0:0:0:0:0:0:1 - - [08/Nov/2021:15:30:53 +0530] "POST /university/api/v1/professor HTTP/1.1" 201 - "-" "PostmanRuntime/7.28.4"
0:0:0:0:0:0:0:1 - - [08/Nov/2021:15:30:56 +0530] "PUT /university/api/v1/professor/33 HTTP/1.1" 404 180 "-" "PostmanRuntime/7.28.4"
0:0:0:0:0:0:0:1 - - [08/Nov/2021:15:31:00 +0530] "DELETE /university/api/v1/professor/5 HTTP/1.1" 200 - "-" "PostmanRuntime/7.28.4"
0:0:0:0:0:0:0:1 - - [08/Nov/2021:15:31:03 +0530] "GET /university/api/v1/schedule HTTP/1.1" 200 12 "-" "PostmanRuntime/7.28.4"
0:0:0:0:0:0:0:1 - - [08/Nov/2021:16:44:46 +0530] "GET /university/api/v1/schedule?professorId=9 HTTP/1.1" 200 575 "-" "PostmanRuntime/7.28.4"
0:0:0:0:0:0:0:1 - - [08/Nov/2021:16:44:57 +0530] "GET /university/api/v1/schedule?professorId=9 HTTP/1.1" 200 575 "-" "PostmanRuntime/7.28.4"
0:0:0:0:0:0:0:1 - - [08/Nov/2021:16:45:10 +0530] "GET /university/api/v1/schedule?professorId=9 HTTP/1.1" 200 575 "-" "PostmanRuntime/7.28.4"
0:0:0:0:0:0:0:1 - - [08/Nov/2021:16:45:21 +0530] "GET /university/api/v1/schedule/professorId=9 HTTP/1.1" 405 - "-" "PostmanRuntime/7.28.4"
0:0:0:0:0:0:0:1 - - [08/Nov/2021:16:45:23 +0530] "GET /university/api/v1/schedule/professorId=9 HTTP/1.1" 405 - "-" "PostmanRuntime/7.28.4"
0:0:0:0:0:0:0:1 - - [08/Nov/2021:16:45:27 +0530] "GET /university/api/v1/schedule?professorId=9 HTTP/1.1" 200 575 "-" "PostmanRuntime/7.28.4"
0:0:0:0:0:0:0:1 - - [08/Nov/2021:16:47:33 +0530] "GET /university/api/v1/schedule?professorId=9 HTTP/1.1" 200 75 "-" "PostmanRuntime/7.28.4"
0:0:0:0:0:0:0:1 - - [08/Nov/2021:16:47:34 +0530] "GET /university/api/v1/schedule?professorId=9 HTTP/1.1" 200 75 "-" "PostmanRuntime/7.28.4"
0:0:0:0:0:0:0:1 - - [08/Nov/2021:16:48:13 +0530] "GET /university/api/v1/schedule?professorId=9 HTTP/1.1" 200 75 "-" "PostmanRuntime/7.28.4"
0:0:0:0:0:0:0:1 - - [08/Nov/2021:17:10:51 +0530] "GET /university/api/v1/schedule?professorId=9 HTTP/1.1" 200 75 "-" "PostmanRuntime/7.28.4"
0:0:0:0:0:0:0:1 - - [08/Nov/2021:17:10:52 +0530] "GET /university/api/v1/schedule?professorId=9 HTTP/1.1" 200 75 "-" "PostmanRuntime/7.28.4"
0:0:0:0:0:0:0:1 - - [08/Nov/2021:17:11:32 +0530] "GET /university/api/v1/schedule?professorId=9 HTTP/1.1" 200 75 "-" "PostmanRuntime/7.28.4"
0:0:0:0:0:0:0:1 - - [08/Nov/2021:17:12:24 +0530] "GET /university/api/v1/schedule?professorId=9 HTTP/1.1" 200 75 "-" "PostmanRuntime/7.28.4"
0:0:0:0:0:0:0:1 - - [08/Nov/2021:17:13:08 +0530] "GET /university/api/v1/schedule?professorId=9 HTTP/1.1" 200 68 "-" "PostmanRuntime/7.28.4"
0:0:0:0:0:0:0:1 - - [08/Nov/2021:17:13:13 +0530] "GET /university/api/v1/schedule?professorId=5 HTTP/1.1" 200 236 "-" "PostmanRuntime/7.28.4"
0:0:0:0:0:0:0:1 - - [08/Nov/2021:17:34:07 +0530] "GET /university/api/v1/professor/search HTTP/1.1" 500 366 "-" "PostmanRuntime/7.28.4"
0:0:0:0:0:0:0:1 - - [08/Nov/2021:17:39:00 +0530] "GET /university/api/v1/professor/search HTTP/1.1" 500 366 "-" "PostmanRuntime/7.28.4"
0:0:0:0:0:0:0:1 - - [08/Nov/2021:17:39:01 +0530] "GET /university/api/v1/professor/search HTTP/1.1" 500 366 "-" "PostmanRuntime/7.28.4"
0:0:0:0:0:0:0:1 - - [08/Nov/2021:17:42:14 +0530] "GET /university/api/v1/professor/search HTTP/1.1" 500 298 "-" "PostmanRuntime/7.28.4"
0:0:0:0:0:0:0:1 - - [08/Nov/2021:17:42:15 +0530] "GET /university/api/v1/professor/search HTTP/1.1" 500 298 "-" "PostmanRuntime/7.28.4"
0:0:0:0:0:0:0:1 - - [08/Nov/2021:17:44:42 +0530] "GET /university/api/v1/professor/search HTTP/1.1" 500 366 "-" "PostmanRuntime/7.28.4"
0:0:0:0:0:0:0:1 - - [08/Nov/2021:17:44:43 +0530] "GET /university/api/v1/professor/search HTTP/1.1" 500 366 "-" "PostmanRuntime/7.28.4"
0:0:0:0:0:0:0:1 - - [08/Nov/2021:17:45:30 +0530] "GET /university/api/v1/professor/search HTTP/1.1" 500 366 "-" "PostmanRuntime/7.28.4"
0:0:0:0:0:0:0:1 - - [08/Nov/2021:17:45:31 +0530] "GET /university/api/v1/professor/search HTTP/1.1" 500 366 "-" "PostmanRuntime/7.28.4"
0:0:0:0:0:0:0:1 - - [08/Nov/2021:17:45:32 +0530] "GET /university/api/v1/professor/search HTTP/1.1" 500 366 "-" "PostmanRuntime/7.28.4"
0:0:0:0:0:0:0:1 - - [08/Nov/2021:17:45:58 +0530] "GET /university/api/v1/professor/search HTTP/1.1" 500 366 "-" "PostmanRuntime/7.28.4"
0:0:0:0:0:0:0:1 - - [08/Nov/2021:17:45:59 +0530] "GET /university/api/v1/professor/search HTTP/1.1" 500 366 "-" "PostmanRuntime/7.28.4"
0:0:0:0:0:0:0:1 - - [08/Nov/2021:17:51:50 +0530] "GET /university/api/v1/professor/search HTTP/1.1" 500 548 "-" "PostmanRuntime/7.28.4"
0:0:0:0:0:0:0:1 - - [08/Nov/2021:17:52:20 +0530] "GET /university/api/v1/professor/search HTTP/1.1" 500 548 "-" "PostmanRuntime/7.28.4"
0:0:0:0:0:0:0:1 - - [08/Nov/2021:17:52:21 +0530] "GET /university/api/v1/professor/search HTTP/1.1" 500 548 "-" "PostmanRuntime/7.28.4"
0:0:0:0:0:0:0:1 - - [08/Nov/2021:18:06:19 +0530] "GET /university/api/v1/professor/search HTTP/1.1" 500 298 "-" "PostmanRuntime/7.28.4"
0:0:0:0:0:0:0:1 - - [08/Nov/2021:18:06:20 +0530] "GET /university/api/v1/professor/search HTTP/1.1" 500 298 "-" "PostmanRuntime/7.28.4"
0:0:0:0:0:0:0:1 - - [08/Nov/2021:18:07:15 +0530] "GET /university/api/v1/professor/search HTTP/1.1" 500 298 "-" "PostmanRuntime/7.28.4"
0:0:0:0:0:0:0:1 - - [08/Nov/2021:18:07:16 +0530] "GET /university/api/v1/professor/search HTTP/1.1" 500 298 "-" "PostmanRuntime/7.28.4"
0:0:0:0:0:0:0:1 - - [08/Nov/2021:18:07:17 +0530] "GET /university/api/v1/professor/search HTTP/1.1" 500 298 "-" "PostmanRuntime/7.28.4"
0:0:0:0:0:0:0:1 - - [08/Nov/2021:18:10:05 +0530] "GET /university/api/v1/professor/search HTTP/1.1" 200 593 "-" "PostmanRuntime/7.28.4"
0:0:0:0:0:0:0:1 - - [08/Nov/2021:18:10:44 +0530] "GET /university/api/v1/professor/search HTTP/1.1" 500 416 "-" "PostmanRuntime/7.28.4"
0:0:0:0:0:0:0:1 - - [08/Nov/2021:18:10:45 +0530] "GET /university/api/v1/professor/search HTTP/1.1" 500 416 "-" "PostmanRuntime/7.28.4"
0:0:0:0:0:0:0:1 - - [08/Nov/2021:18:14:57 +0530] "GET /university/api/v1/professor/search HTTP/1.1" 500 416 "-" "PostmanRuntime/7.28.4"
0:0:0:0:0:0:0:1 - - [08/Nov/2021:18:15:05 +0530] "GET /university/api/v1/professor/search HTTP/1.1" 500 416 "-" "PostmanRuntime/7.28.4"
0:0:0:0:0:0:0:1 - - [08/Nov/2021:18:15:26 +0530] "GET /university/api/v1/professor/search HTTP/1.1" 200 593 "-" "PostmanRuntime/7.28.4"
0:0:0:0:0:0:0:1 - - [08/Nov/2021:18:15:27 +0530] "GET /university/api/v1/professor/search HTTP/1.1" 200 593 "-" "PostmanRuntime/7.28.4"
0:0:0:0:0:0:0:1 - - [08/Nov/2021:18:15:48 +0530] "GET /university/api/v1/professor/search HTTP/1.1" 500 416 "-" "PostmanRuntime/7.28.4"
0:0:0:0:0:0:0:1 - - [08/Nov/2021:18:15:51 +0530] "GET /university/api/v1/professor/search HTTP/1.1" 500 416 "-" "PostmanRuntime/7.28.4"
0:0:0:0:0:0:0:1 - - [08/Nov/2021:18:21:08 +0530] "GET /university/api/v1/professor/search HTTP/1.1" 200 593 "-" "PostmanRuntime/7.28.4"
0:0:0:0:0:0:0:1 - - [08/Nov/2021:18:22:20 +0530] "GET /university/api/v1/professor/search HTTP/1.1" 200 329 "-" "PostmanRuntime/7.28.4"
0:0:0:0:0:0:0:1 - - [08/Nov/2021:18:39:58 +0530] "GET /university/api/v1/professor/search HTTP/1.1" 200 329 "-" "PostmanRuntime/7.28.4"
0:0:0:0:0:0:0:1 - - [08/Nov/2021:18:59:01 +0530] "GET /university/api/v1/professor/search HTTP/1.1" 200 39 "-" "PostmanRuntime/7.28.4"
0:0:0:0:0:0:0:1 - - [08/Nov/2021:18:59:02 +0530] "GET /university/api/v1/professor/search HTTP/1.1" 200 39 "-" "PostmanRuntime/7.28.4"
0:0:0:0:0:0:0:1 - - [08/Nov/2021:18:59:35 +0530] "GET /university/api/v1/professor/search HTTP/1.1" 200 39 "-" "PostmanRuntime/7.28.4"
0:0:0:0:0:0:0:1 - - [08/Nov/2021:19:04:12 +0530] "GET /university/api/v1/professor/search HTTP/1.1" 200 - "-" "PostmanRuntime/7.28.4"
0:0:0:0:0:0:0:1 - - [08/Nov/2021:19:08:21 +0530] "GET /university/api/v1/professor/search HTTP/1.1" 200 - "-" "PostmanRuntime/7.28.4"
0:0:0:0:0:0:0:1 - - [08/Nov/2021:19:10:06 +0530] "GET /university/api/v1/professor/search HTTP/1.1" 500 461 "-" "PostmanRuntime/7.28.4"
0:0:0:0:0:0:0:1 - - [08/Nov/2021:19:22:24 +0530] "GET /university/api/v1/professor/search HTTP/1.1" 500 461 "-" "PostmanRuntime/7.28.4"
0:0:0:0:0:0:0:1 - - [08/Nov/2021:19:23:03 +0530] "GET /university/api/v1/professor/search HTTP/1.1" 200 329 "-" "PostmanRuntime/7.28.4"
0:0:0:0:0:0:0:1 - - [08/Nov/2021:19:30:16 +0530] "GET /university/api/v1/professor/search HTTP/1.1" 500 461 "-" "PostmanRuntime/7.28.4"
0:0:0:0:0:0:0:1 - - [08/Nov/2021:19:39:25 +0530] "GET /university/api/v1/professor/search HTTP/1.1" 200 329 "-" "PostmanRuntime/7.28.4"
0:0:0:0:0:0:0:1 - - [08/Nov/2021:20:12:13 +0530] "GET /university/api/v1/professor/search HTTP/1.1" 200 401 "-" "PostmanRuntime/7.28.4"
0:0:0:0:0:0:0:1 - - [08/Nov/2021:20:15:42 +0530] "GET /university/api/v1/professor/search HTTP/1.1" 200 401 "-" "PostmanRuntime/7.28.4"
0:0:0:0:0:0:0:1 - - [08/Nov/2021:20:15:43 +0530] "GET /university/api/v1/professor/search HTTP/1.1" 200 401 "-" "PostmanRuntime/7.28.4"
0:0:0:0:0:0:0:1 - - [08/Nov/2021:20:57:57 +0530] "GET /university/api/v1/department HTTP/1.1" 200 156 "-" "PostmanRuntime/7.28.4"
0:0:0:0:0:0:0:1 - - [08/Nov/2021:20:58:53 +0530] "GET /university/api/v1/department HTTP/1.1" 200 156 "-" "PostmanRuntime/7.28.4"
0:0:0:0:0:0:0:1 - - [08/Nov/2021:21:01:38 +0530] "GET /university/api/v1/department HTTP/1.1" 200 236 "-" "PostmanRuntime/7.28.4"
0:0:0:0:0:0:0:1 - - [08/Nov/2021:21:01:46 +0530] "GET /university/api/v1/department/1 HTTP/1.1" 200 34 "-" "PostmanRuntime/7.28.4"
0:0:0:0:0:0:0:1 - - [08/Nov/2021:21:02:22 +0530] "GET /university/api/v1/department/1 HTTP/1.1" 200 34 "-" "PostmanRuntime/7.28.4"
0:0:0:0:0:0:0:1 - - [08/Nov/2021:21:03:29 +0530] "GET /university/api/v1/department/1 HTTP/1.1" 200 46 "-" "PostmanRuntime/7.28.4"
0:0:0:0:0:0:0:1 - - [08/Nov/2021:21:03:47 +0530] "POST /university/api/v1/department HTTP/1.1" 500 333 "-" "PostmanRuntime/7.28.4"
0:0:0:0:0:0:0:1 - - [08/Nov/2021:21:04:08 +0530] "POST /university/api/v1/department HTTP/1.1" 500 333 "-" "PostmanRuntime/7.28.4"
0:0:0:0:0:0:0:1 - - [08/Nov/2021:21:04:08 +0530] "POST /university/api/v1/department HTTP/1.1" 500 333 "-" "PostmanRuntime/7.28.4"
0:0:0:0:0:0:0:1 - - [08/Nov/2021:21:04:09 +0530] "POST /university/api/v1/department HTTP/1.1" 500 333 "-" "PostmanRuntime/7.28.4"
0:0:0:0:0:0:0:1 - - [08/Nov/2021:21:04:09 +0530] "POST /university/api/v1/department HTTP/1.1" 500 333 "-" "PostmanRuntime/7.28.4"
0:0:0:0:0:0:0:1 - - [08/Nov/2021:21:04:09 +0530] "POST /university/api/v1/department HTTP/1.1" 500 333 "-" "PostmanRuntime/7.28.4"
0:0:0:0:0:0:0:1 - - [08/Nov/2021:21:04:10 +0530] "POST /university/api/v1/department HTTP/1.1" 201 - "-" "PostmanRuntime/7.28.4"
0:0:0:0:0:0:0:1 - - [08/Nov/2021:21:04:11 +0530] "POST /university/api/v1/department HTTP/1.1" 201 - "-" "PostmanRuntime/7.28.4"
0:0:0:0:0:0:0:1 - - [08/Nov/2021:21:04:18 +0530] "POST /university/api/v1/department HTTP/1.1" 201 - "-" "PostmanRuntime/7.28.4"
0:0:0:0:0:0:0:1 - - [08/Nov/2021:21:04:21 +0530] "GET /university/api/v1/department HTTP/1.1" 200 336 "-" "PostmanRuntime/7.28.4"
0:0:0:0:0:0:0:1 - - [08/Nov/2021:21:04:34 +0530] "PUT /university/api/v1/department/7 HTTP/1.1" 200 76 "-" "PostmanRuntime/7.28.4"
0:0:0:0:0:0:0:1 - - [08/Nov/2021:21:04:38 +0530] "GET /university/api/v1/department HTTP/1.1" 200 369 "-" "PostmanRuntime/7.28.4"
0:0:0:0:0:0:0:1 - - [08/Nov/2021:21:04:44 +0530] "DELETE /university/api/v1/department/7 HTTP/1.1" 200 - "-" "PostmanRuntime/7.28.4"
0:0:0:0:0:0:0:1 - - [08/Nov/2021:21:04:48 +0530] "GET /university/api/v1/department HTTP/1.1" 200 303 "-" "PostmanRuntime/7.28.4"
0:0:0:0:0:0:0:1 - - [08/Nov/2021:21:08:36 +0530] "GET /university/api/v1/course HTTP/1.1" 200 702 "-" "PostmanRuntime/7.28.4"
0:0:0:0:0:0:0:1 - - [08/Nov/2021:21:08:51 +0530] "GET /university/api/v1/course/1 HTTP/1.1" 200 102 "-" "PostmanRuntime/7.28.4"
0:0:0:0:0:0:0:1 - - [08/Nov/2021:21:09:08 +0530] "POST /university/api/v1/course HTTP/1.1" 400 205 "-" "PostmanRuntime/7.28.4"
0:0:0:0:0:0:0:1 - - [08/Nov/2021:21:09:13 +0530] "POST /university/api/v1/course HTTP/1.1" 500 325 "-" "PostmanRuntime/7.28.4"
0:0:0:0:0:0:0:1 - - [08/Nov/2021:21:09:20 +0530] "POST /university/api/v1/course HTTP/1.1" 500 325 "-" "PostmanRuntime/7.28.4"
0:0:0:0:0:0:0:1 - - [08/Nov/2021:21:09:21 +0530] "POST /university/api/v1/course HTTP/1.1" 500 325 "-" "PostmanRuntime/7.28.4"
0:0:0:0:0:0:0:1 - - [08/Nov/2021:21:09:21 +0530] "POST /university/api/v1/course HTTP/1.1" 500 325 "-" "PostmanRuntime/7.28.4"
0:0:0:0:0:0:0:1 - - [08/Nov/2021:21:09:22 +0530] "POST /university/api/v1/course HTTP/1.1" 500 325 "-" "PostmanRuntime/7.28.4"
0:0:0:0:0:0:0:1 - - [08/Nov/2021:21:09:22 +0530] "POST /university/api/v1/course HTTP/1.1" 500 325 "-" "PostmanRuntime/7.28.4"
0:0:0:0:0:0:0:1 - - [08/Nov/2021:21:09:22 +0530] "POST /university/api/v1/course HTTP/1.1" 500 325 "-" "PostmanRuntime/7.28.4"
0:0:0:0:0:0:0:1 - - [08/Nov/2021:21:09:23 +0530] "POST /university/api/v1/course HTTP/1.1" 500 325 "-" "PostmanRuntime/7.28.4"
0:0:0:0:0:0:0:1 - - [08/Nov/2021:21:09:23 +0530] "POST /university/api/v1/course HTTP/1.1" 500 325 "-" "PostmanRuntime/7.28.4"
0:0:0:0:0:0:0:1 - - [08/Nov/2021:21:09:24 +0530] "POST /university/api/v1/course HTTP/1.1" 500 325 "-" "PostmanRuntime/7.28.4"
0:0:0:0:0:0:0:1 - - [08/Nov/2021:21:09:24 +0530] "POST /university/api/v1/course HTTP/1.1" 201 - "-" "PostmanRuntime/7.28.4"
0:0:0:0:0:0:0:1 - - [08/Nov/2021:21:09:30 +0530] "GET /university/api/v1/course HTTP/1.1" 200 799 "-" "PostmanRuntime/7.28.4"
0:0:0:0:0:0:0:1 - - [08/Nov/2021:21:09:48 +0530] "PUT /university/api/v1/course/11 HTTP/1.1" 200 107 "-" "PostmanRuntime/7.28.4"
0:0:0:0:0:0:0:1 - - [08/Nov/2021:21:09:51 +0530] "GET /university/api/v1/course HTTP/1.1" 200 799 "-" "PostmanRuntime/7.28.4"
0:0:0:0:0:0:0:1 - - [08/Nov/2021:21:09:56 +0530] "DELETE /university/api/v1/course/11 HTTP/1.1" 200 - "-" "PostmanRuntime/7.28.4"
0:0:0:0:0:0:0:1 - - [08/Nov/2021:21:15:32 +0530] "GET /university/api/v1/professor HTTP/1.1" 200 490 "-" "PostmanRuntime/7.28.4"
0:0:0:0:0:0:0:1 - - [08/Nov/2021:21:15:41 +0530] "GET /university/api/v1/professor/search HTTP/1.1" 200 401 "-" "PostmanRuntime/7.28.4"
0:0:0:0:0:0:0:1 - - [08/Nov/2021:21:15:48 +0530] "GET /university/api/v1/professor/1 HTTP/1.1" 200 54 "-" "PostmanRuntime/7.28.4"
0:0:0:0:0:0:0:1 - - [08/Nov/2021:21:16:01 +0530] "POST /university/api/v1/professor HTTP/1.1" 500 331 "-" "PostmanRuntime/7.28.4"
0:0:0:0:0:0:0:1 - - [08/Nov/2021:21:16:05 +0530] "POST /university/api/v1/professor HTTP/1.1" 500 331 "-" "PostmanRuntime/7.28.4"
0:0:0:0:0:0:0:1 - - [08/Nov/2021:21:16:06 +0530] "POST /university/api/v1/professor HTTP/1.1" 500 331 "-" "PostmanRuntime/7.28.4"
0:0:0:0:0:0:0:1 - - [08/Nov/2021:21:16:06 +0530] "POST /university/api/v1/professor HTTP/1.1" 500 331 "-" "PostmanRuntime/7.28.4"
0:0:0:0:0:0:0:1 - - [08/Nov/2021:21:16:07 +0530] "POST /university/api/v1/professor HTTP/1.1" 500 331 "-" "PostmanRuntime/7.28.4"
0:0:0:0:0:0:0:1 - - [08/Nov/2021:21:16:07 +0530] "POST /university/api/v1/professor HTTP/1.1" 500 331 "-" "PostmanRuntime/7.28.4"
0:0:0:0:0:0:0:1 - - [08/Nov/2021:21:16:08 +0530] "POST /university/api/v1/professor HTTP/1.1" 500 331 "-" "PostmanRuntime/7.28.4"
0:0:0:0:0:0:0:1 - - [08/Nov/2021:21:16:08 +0530] "POST /university/api/v1/professor HTTP/1.1" 500 331 "-" "PostmanRuntime/7.28.4"
0:0:0:0:0:0:0:1 - - [08/Nov/2021:21:16:08 +0530] "POST /university/api/v1/professor HTTP/1.1" 500 331 "-" "PostmanRuntime/7.28.4"
0:0:0:0:0:0:0:1 - - [08/Nov/2021:21:16:09 +0530] "POST /university/api/v1/professor HTTP/1.1" 500 331 "-" "PostmanRuntime/7.28.4"
0:0:0:0:0:0:0:1 - - [08/Nov/2021:21:16:09 +0530] "POST /university/api/v1/professor HTTP/1.1" 201 - "-" "PostmanRuntime/7.28.4"
0:0:0:0:0:0:0:1 - - [08/Nov/2021:21:16:10 +0530] "POST /university/api/v1/professor HTTP/1.1" 201 - "-" "PostmanRuntime/7.28.4"
0:0:0:0:0:0:0:1 - - [08/Nov/2021:21:16:14 +0530] "GET /university/api/v1/professor HTTP/1.1" 200 588 "-" "PostmanRuntime/7.28.4"
0:0:0:0:0:0:0:1 - - [08/Nov/2021:21:16:32 +0530] "PUT /university/api/v1/professor/12 HTTP/1.1" 200 63 "-" "PostmanRuntime/7.28.4"
0:0:0:0:0:0:0:1 - - [08/Nov/2021:21:16:42 +0530] "GET /university/api/v1/professor HTTP/1.1" 200 592 "-" "PostmanRuntime/7.28.4"
0:0:0:0:0:0:0:1 - - [08/Nov/2021:21:16:47 +0530] "DELETE /university/api/v1/professor/11 HTTP/1.1" 200 - "-" "PostmanRuntime/7.28.4"
0:0:0:0:0:0:0:1 - - [08/Nov/2021:21:16:50 +0530] "GET /university/api/v1/professor HTTP/1.1" 200 543 "-" "PostmanRuntime/7.28.4"
